<?xml version="1.0" encoding="UTF-8"?>
<testsuite xmlns:xsi="http://www.w3.org/2001/XMLSchema-instance" xsi:noNamespaceSchemaLocation="https://maven.apache.org/surefire/maven-surefire-plugin/xsd/surefire-test-report.xsd" name="grpc.client.app.AppTest" time="0.045" tests="1" errors="0" skipped="0" failures="0">
  <properties>
    <property name="sun.desktop" value="gnome"/>
    <property name="awt.toolkit" value="sun.awt.X11.XToolkit"/>
    <property name="java.specification.version" value="11"/>
    <property name="sun.cpu.isalist" value=""/>
    <property name="sun.jnu.encoding" value="UTF-8"/>
    <property name="java.class.path" value="/home/pedroprado/Desktop/Projetos/Meus/grpc/grpc-client/target/test-classes:/home/pedroprado/Desktop/Projetos/Meus/grpc/grpc-client/target/classes:/home/pedroprado/.m2/repository/io/grpc/grpc-netty-shaded/1.38.0/grpc-netty-shaded-1.38.0.jar:/home/pedroprado/.m2/repository/io/grpc/grpc-core/1.38.0/grpc-core-1.38.0.jar:/home/pedroprado/.m2/repository/com/google/code/gson/gson/2.8.6/gson-2.8.6.jar:/home/pedroprado/.m2/repository/com/google/android/annotations/4.1.1.4/annotations-4.1.1.4.jar:/home/pedroprado/.m2/repository/io/perfmark/perfmark-api/0.23.0/perfmark-api-0.23.0.jar:/home/pedroprado/.m2/repository/io/grpc/grpc-protobuf/1.38.0/grpc-protobuf-1.38.0.jar:/home/pedroprado/.m2/repository/io/grpc/grpc-api/1.38.0/grpc-api-1.38.0.jar:/home/pedroprado/.m2/repository/io/grpc/grpc-context/1.38.0/grpc-context-1.38.0.jar:/home/pedroprado/.m2/repository/com/google/code/findbugs/jsr305/3.0.2/jsr305-3.0.2.jar:/home/pedroprado/.m2/repository/com/google/protobuf/protobuf-java/3.12.0/protobuf-java-3.12.0.jar:/home/pedroprado/.m2/repository/com/google/api/grpc/proto-google-common-protos/2.0.1/proto-google-common-protos-2.0.1.jar:/home/pedroprado/.m2/repository/io/grpc/grpc-protobuf-lite/1.38.0/grpc-protobuf-lite-1.38.0.jar:/home/pedroprado/.m2/repository/com/google/guava/guava/30.1-android/guava-30.1-android.jar:/home/pedroprado/.m2/repository/com/google/guava/failureaccess/1.0.1/failureaccess-1.0.1.jar:/home/pedroprado/.m2/repository/com/google/guava/listenablefuture/9999.0-empty-to-avoid-conflict-with-guava/listenablefuture-9999.0-empty-to-avoid-conflict-with-guava.jar:/home/pedroprado/.m2/repository/org/checkerframework/checker-compat-qual/2.5.5/checker-compat-qual-2.5.5.jar:/home/pedroprado/.m2/repository/com/google/j2objc/j2objc-annotations/1.3/j2objc-annotations-1.3.jar:/home/pedroprado/.m2/repository/com/google/errorprone/error_prone_annotations/2.4.0/error_prone_annotations-2.4.0.jar:/home/pedroprado/.m2/repository/org/codehaus/mojo/animal-sniffer-annotations/1.19/animal-sniffer-annotations-1.19.jar:/home/pedroprado/.m2/repository/io/grpc/grpc-stub/1.38.0/grpc-stub-1.38.0.jar:/home/pedroprado/.m2/repository/org/apache/tomcat/annotations-api/6.0.53/annotations-api-6.0.53.jar:/home/pedroprado/.m2/repository/junit/junit/4.11/junit-4.11.jar:/home/pedroprado/.m2/repository/org/hamcrest/hamcrest-core/1.3/hamcrest-core-1.3.jar:"/>
    <property name="java.vm.vendor" value="Ubuntu"/>
    <property name="sun.arch.data.model" value="64"/>
    <property name="java.vendor.url" value="https://ubuntu.com/"/>
    <property name="user.timezone" value=""/>
    <property name="java.vm.specification.version" value="11"/>
    <property name="os.name" value="Linux"/>
    <property name="sun.java.launcher" value="SUN_STANDARD"/>
    <property name="user.country" value="US"/>
    <property name="sun.boot.library.path" value="/usr/lib/jvm/java-11-openjdk-amd64/lib"/>
    <property name="sun.java.command" value="/home/pedroprado/Desktop/Projetos/Meus/grpc/grpc-client/target/surefire/surefirebooter755030015526590963.jar /home/pedroprado/Desktop/Projetos/Meus/grpc/grpc-client/target/surefire 2021-06-29T12-07-00_135-jvmRun1 surefire17741568162939485731tmp surefire_01009138520788622551tmp"/>
    <property name="jdk.debug" value="release"/>
    <property name="surefire.test.class.path" value="/home/pedroprado/Desktop/Projetos/Meus/grpc/grpc-client/target/test-classes:/home/pedroprado/Desktop/Projetos/Meus/grpc/grpc-client/target/classes:/home/pedroprado/.m2/repository/io/grpc/grpc-netty-shaded/1.38.0/grpc-netty-shaded-1.38.0.jar:/home/pedroprado/.m2/repository/io/grpc/grpc-core/1.38.0/grpc-core-1.38.0.jar:/home/pedroprado/.m2/repository/com/google/code/gson/gson/2.8.6/gson-2.8.6.jar:/home/pedroprado/.m2/repository/com/google/android/annotations/4.1.1.4/annotations-4.1.1.4.jar:/home/pedroprado/.m2/repository/io/perfmark/perfmark-api/0.23.0/perfmark-api-0.23.0.jar:/home/pedroprado/.m2/repository/io/grpc/grpc-protobuf/1.38.0/grpc-protobuf-1.38.0.jar:/home/pedroprado/.m2/repository/io/grpc/grpc-api/1.38.0/grpc-api-1.38.0.jar:/home/pedroprado/.m2/repository/io/grpc/grpc-context/1.38.0/grpc-context-1.38.0.jar:/home/pedroprado/.m2/repository/com/google/code/findbugs/jsr305/3.0.2/jsr305-3.0.2.jar:/home/pedroprado/.m2/repository/com/google/protobuf/protobuf-java/3.12.0/protobuf-java-3.12.0.jar:/home/pedroprado/.m2/repository/com/google/api/grpc/proto-google-common-protos/2.0.1/proto-google-common-protos-2.0.1.jar:/home/pedroprado/.m2/repository/io/grpc/grpc-protobuf-lite/1.38.0/grpc-protobuf-lite-1.38.0.jar:/home/pedroprado/.m2/repository/com/google/guava/guava/30.1-android/guava-30.1-android.jar:/home/pedroprado/.m2/repository/com/google/guava/failureaccess/1.0.1/failureaccess-1.0.1.jar:/home/pedroprado/.m2/repository/com/google/guava/listenablefuture/9999.0-empty-to-avoid-conflict-with-guava/listenablefuture-9999.0-empty-to-avoid-conflict-with-guava.jar:/home/pedroprado/.m2/repository/org/checkerframework/checker-compat-qual/2.5.5/checker-compat-qual-2.5.5.jar:/home/pedroprado/.m2/repository/com/google/j2objc/j2objc-annotations/1.3/j2objc-annotations-1.3.jar:/home/pedroprado/.m2/repository/com/google/errorprone/error_prone_annotations/2.4.0/error_prone_annotations-2.4.0.jar:/home/pedroprado/.m2/repository/org/codehaus/mojo/animal-sniffer-annotations/1.19/animal-sniffer-annotations-1.19.jar:/home/pedroprado/.m2/repository/io/grpc/grpc-stub/1.38.0/grpc-stub-1.38.0.jar:/home/pedroprado/.m2/repository/org/apache/tomcat/annotations-api/6.0.53/annotations-api-6.0.53.jar:/home/pedroprado/.m2/repository/junit/junit/4.11/junit-4.11.jar:/home/pedroprado/.m2/repository/org/hamcrest/hamcrest-core/1.3/hamcrest-core-1.3.jar:"/>
    <property name="sun.cpu.endian" value="little"/>
    <property name="user.home" value="/home/pedroprado"/>
    <property name="user.language" value="en"/>
    <property name="java.specification.vendor" value="Oracle Corporation"/>
    <property name="java.version.date" value="2021-04-20"/>
    <property name="java.home" value="/usr/lib/jvm/java-11-openjdk-amd64"/>
    <property name="file.separator" value="/"/>
    <property name="basedir" value="/home/pedroprado/Desktop/Projetos/Meus/grpc/grpc-client"/>
    <property name="java.vm.compressedOopsMode" value="Zero based"/>
    <property name="line.separator" value="&#10;"/>
    <property name="java.specification.name" value="Java Platform API Specification"/>
    <property name="java.vm.specification.vendor" value="Oracle Corporation"/>
    <property name="java.awt.graphicsenv" value="sun.awt.X11GraphicsEnvironment"/>
    <property name="surefire.real.class.path" value="/home/pedroprado/Desktop/Projetos/Meus/grpc/grpc-client/target/surefire/surefirebooter755030015526590963.jar"/>
    <property name="sun.management.compiler" value="HotSpot 64-Bit Tiered Compilers"/>
    <property name="java.runtime.version" value="11.0.11+9-Ubuntu-0ubuntu2.20.04"/>
    <property name="user.name" value="pedroprado"/>
    <property name="path.separator" value=":"/>
    <property name="os.version" value="5.4.0-77-generic"/>
    <property name="java.runtime.name" value="OpenJDK Runtime Environment"/>
    <property name="file.encoding" value="UTF-8"/>
    <property name="java.vm.name" value="OpenJDK 64-Bit Server VM"/>
    <property name="localRepository" value="/home/pedroprado/.m2/repository"/>
    <property name="java.vendor.url.bug" value="https://bugs.launchpad.net/ubuntu/+source/openjdk-lts"/>
    <property name="java.io.tmpdir" value="/tmp"/>
    <property name="java.version" value="11.0.11"/>
    <property name="user.dir" value="/home/pedroprado/Desktop/Projetos/Meus/grpc/grpc-client"/>
    <property name="os.arch" value="amd64"/>
    <property name="java.vm.specification.name" value="Java Virtual Machine Specification"/>
    <property name="java.awt.printerjob" value="sun.print.PSPrinterJob"/>
    <property name="sun.os.patch.level" value="unknown"/>
    <property name="java.library.path" value="/usr/java/packages/lib:/usr/lib/x86_64-linux-gnu/jni:/lib/x86_64-linux-gnu:/usr/lib/x86_64-linux-gnu:/usr/lib/jni:/lib:/usr/lib"/>
    <property name="java.vm.info" value="mixed mode, sharing"/>
    <property name="java.vendor" value="Ubuntu"/>
    <property name="java.vm.version" value="11.0.11+9-Ubuntu-0ubuntu2.20.04"/>
    <property name="sun.io.unicode.encoding" value="UnicodeLittle"/>
    <property name="java.class.version" value="55.0"/>
  </properties>
  <testcase name="shouldAnswerWithTrue" classname="grpc.client.app.AppTest" time="0.003"/>
</testsuite>